<?xml version="1.0" encoding="UTF-8"?>
<testng-results skipped="0" failed="0" ignored="0" total="1" passed="1">
  <reporter-output>
  </reporter-output>
  <suite name="Default suite" duration-ms="34570" started-at="2018-10-03T21:20:05Z" finished-at="2018-10-03T21:20:39Z">
    <groups>
    </groups>
    <test name="Default test" duration-ms="34570" started-at="2018-10-03T21:20:05Z" finished-at="2018-10-03T21:20:39Z">
      <class name="tests.InvoiceTest">
        <test-method status="PASS" signature="startTest()[pri:0, instance:tests.InvoiceTest@4fd4cae3]" name="startTest" is-config="true" duration-ms="498" started-at="2018-10-03T21:20:05Z" finished-at="2018-10-03T21:20:05Z">
          <reporter-output>
          </reporter-output>
        </test-method> <!-- startTest -->
        <test-method status="PASS" signature="autenticainvoice()[pri:2, instance:tests.InvoiceTest@4fd4cae3]" name="autenticainvoice" duration-ms="32861" started-at="2018-10-03T21:20:05Z" description="Validate the invoice information displayed on the screen." finished-at="2018-10-03T21:20:38Z">
          <reporter-output>
          </reporter-output>
        </test-method> <!-- autenticainvoice -->
        <test-method status="PASS" signature="getResult(org.testng.ITestResult)[pri:0, instance:tests.InvoiceTest@4fd4cae3]" name="getResult" is-config="true" duration-ms="8" started-at="2018-10-03T21:20:38Z" finished-at="2018-10-03T21:20:38Z">
          <params>
            <param index="0">
              <value>
                <![CDATA[[TestResult name=autenticainvoice status=SUCCESS method=InvoiceTest.autenticainvoice()[pri:2, instance:tests.InvoiceTest@4fd4cae3] output={null}]]]>
              </value>
            </param>
          </params>
          <reporter-output>
          </reporter-output>
        </test-method> <!-- getResult -->
        <test-method status="PASS" signature="endReport()[pri:0, instance:tests.InvoiceTest@4fd4cae3]" name="endReport" is-config="true" duration-ms="863" started-at="2018-10-03T21:20:38Z" finished-at="2018-10-03T21:20:39Z">
          <reporter-output>
          </reporter-output>
        </test-method> <!-- endReport -->
      </class> <!-- tests.InvoiceTest -->
    </test> <!-- Default test -->
  </suite> <!-- Default suite -->
</testng-results>
