<?xml version="1.0" encoding="UTF-8"?>
<!-- Generated by org.testng.reporters.JUnitXMLReporter -->
<testsuite hostname="ecrmac-100510.local" ignored="0" name="sandbox" tests="5" failures="0" timestamp="04 Oct 2018 14:00:56 GMT" time="79.779" errors="0">
  <testcase name="loginComSucesso" time="11.133" classname="tests.Login"/>
  <testcase name="autenticaFalha" time="15.904" classname="tests.Login"/>
  <testcase name="autenticaFalha" time="14.893" classname="tests.Login"/>
  <testcase name="autenticaFalha" time="10.944" classname="tests.Login"/>
  <testcase name="autenticaFalha" time="13.797" classname="tests.Login"/>
</testsuite> <!-- sandbox -->
