<?xml version="1.0" encoding="UTF-8"?>
<!-- Generated by org.testng.reporters.JUnitXMLReporter -->
<testsuite hostname="ecrmac-100510.local" ignored="0" name="Default test" tests="5" failures="0" timestamp="04 Oct 2018 14:20:31 GMT" time="104.268" errors="0">
  <testcase name="loginComSucesso" time="15.132" classname="tests.Login"/>
  <testcase name="autenticaFalha" time="18.053" classname="tests.Login"/>
  <testcase name="autenticaFalha" time="13.994" classname="tests.Login"/>
  <testcase name="autenticaFalha" time="21.136" classname="tests.Login"/>
  <testcase name="autenticaFalha" time="21.876" classname="tests.Login"/>
</testsuite> <!-- Default test -->
