<?xml version="1.0" encoding="UTF-8"?>
<!-- Generated by org.testng.reporters.JUnitXMLReporter -->
<testsuite hostname="ecrmac-100510.local" ignored="0" name="Default test" tests="5" failures="0" timestamp="11 Oct 2018 15:09:35 GMT" time="83.759" errors="0">
  <testcase name="loginComSucesso" time="14.421" classname="tests.Login"/>
  <testcase name="autenticaFalha" time="12.921" classname="tests.Login"/>
  <testcase name="autenticaFalha" time="15.932" classname="tests.Login"/>
  <testcase name="autenticaFalha" time="13.878" classname="tests.Login"/>
  <testcase name="autenticaFalha" time="14.111" classname="tests.Login"/>
</testsuite> <!-- Default test -->
